<?xml version="1.0" encoding="utf-8" standalone="no"?>
<test-run id="2" testcasecount="1" result="Passed" total="1" passed="1" failed="0" inconclusive="0" skipped="0" asserts="0" engine-version="3.8.0.0" clr-version="4.0.30319.42000" start-time="2018-03-22 13:27:20Z" end-time="2018-03-22 13:27:30Z" duration="9.879414">
  <command-line><![CDATA[nunit3-console.exe  --params:Browser=Chrome IntiveFDV-test.dll]]></command-line>
  <test-suite type="Assembly" id="0-1002" name="IntiveFDV-test.dll" fullname="C:\Users\fochoa\Desktop\intive-test\IntiveFDV-test\bin\Debug\IntiveFDV-test.dll" runstate="Runnable" testcasecount="1" result="Passed" start-time="2018-03-22 13:27:21Z" end-time="2018-03-22 13:27:30Z" duration="9.128664" total="1" passed="1" failed="0" warnings="0" inconclusive="0" skipped="0" asserts="0">
    <environment framework-version="3.10.1.0" clr-version="4.0.30319.42000" os-version="Microsoft Windows NT 10.0.16299.0" platform="Win32NT" cwd="C:\Users\fochoa\Desktop\intive-test\IntiveFDV-test\bin\Debug" machine-name="FOCHOA" user="fochoa" user-domain="FOCHOA" culture="es-AR" uiculture="en-US" os-architecture="x64" />
    <settings>
      <setting name="DisposeRunners" value="True" />
      <setting name="WorkDirectory" value="C:\Users\fochoa\Desktop\intive-test\IntiveFDV-test\bin\Debug" />
      <setting name="TestParametersDictionary" value="[Browser, Chrome]">
        <item key="Browser" value="Chrome" />
      </setting>
      <setting name="TestParameters" value="Browser=Chrome" />
      <setting name="ImageRuntimeVersion" value="4.0.30319" />
      <setting name="ImageTargetFrameworkName" value=".NETFramework,Version=v4.5.2" />
      <setting name="ImageRequiresX86" value="False" />
      <setting name="ImageRequiresDefaultAppDomainAssemblyResolver" value="False" />
      <setting name="NumberOfTestWorkers" value="4" />
    </settings>
    <properties>
      <property name="_PID" value="17400" />
      <property name="_APPDOMAIN" value="domain-" />
    </properties>
    <test-suite type="TestSuite" id="0-1003" name="IntiveFDV_test" fullname="IntiveFDV_test" runstate="Runnable" testcasecount="1" result="Passed" start-time="2018-03-22 13:27:21Z" end-time="2018-03-22 13:27:30Z" duration="9.111141" total="1" passed="1" failed="0" warnings="0" inconclusive="0" skipped="0" asserts="0">
      <test-suite type="TestFixture" id="0-1000" name="InterviewTest" fullname="IntiveFDV_test.InterviewTest" classname="IntiveFDV_test.InterviewTest" runstate="Runnable" testcasecount="1" result="Passed" start-time="2018-03-22 13:27:21Z" end-time="2018-03-22 13:27:30Z" duration="9.106791" total="1" passed="1" failed="0" warnings="0" inconclusive="0" skipped="0" asserts="0">
        <test-case id="0-1001" name="interviewTest" fullname="IntiveFDV_test.InterviewTest.interviewTest" methodname="interviewTest" classname="IntiveFDV_test.InterviewTest" runstate="Runnable" seed="304550031" result="Passed" start-time="2018-03-22 13:27:21Z" end-time="2018-03-22 13:27:30Z" duration="9.097936" asserts="0">
          <properties>
            <property name="Category" value="interviewTest" />
          </properties>
          <output><![CDATA[BrowserFactory: initializing the browser: Chrome
C:\Users\fochoa\Desktop\intive-test\IntiveFDV-test\bin\drivers\chrome\v2.35
the browser selected is: Chrome
InterviewTest: Starting the Interview test case... 
Google: Creating a instance
Google: Starting to Search the value: Seleniumhq.
Google: Clicking on the firts result with the value: Seleniumhq.
InterviewTest: The test case was finished successfully.
]]></output>
        </test-case>
      </test-suite>
    </test-suite>
  </test-suite>
</test-run>